[20Feb2025 00:06:14.158] [Server thread/INFO] [net.minecraft.server.MinecraftServer/]: [Liraanto: Teleported Liraanto to 868.500000, 113.500000, -444.500000]
[20Feb2025 00:11:53.576] [Server thread/INFO] [net.minecraft.server.MinecraftServer/]: Liraanto was blown up by Creeper
[20Feb2025 00:11:53.620] [Server thread/INFO] [tombstone/]: The player Liraanto has successfully been saved
[20Feb2025 00:11:59.360] [Server thread/INFO] [net.minecraft.server.MinecraftServer/]: [Liraanto: Teleported Liraanto to 858.500000, 112.500000, -534.500000]
[20Feb2025 00:12:21.506] [Server thread/INFO] [net.minecraft.server.MinecraftServer/]: [Liraanto: Teleported Liraanto to 679.500000, 117.500000, -348.500000]
[20Feb2025 00:12:27.912] [Server thread/INFO] [net.minecraft.server.network.ServerGamePacketListenerImpl/]: Liraanto lost connection: Disconnected
[20Feb2025 00:12:27.912] [Server thread/INFO] [net.minecraft.server.MinecraftServer/]: Liraanto left the game
[20Feb2025 00:12:27.913] [Server thread/INFO] [net.nicguzzo.wands.WandsMod/]: remove player wand
[20Feb2025 00:12:43.443] [Server thread/INFO] [net.minecraft.server.MinecraftServer/]: Stopping the server
[20Feb2025 00:12:43.490] [Config file watcher thread/INFO] [portb.configlib.ConfigLib/]: Watcher has shut down
[20Feb2025 00:12:43.490] [Server thread/INFO] [net.minecraft.server.MinecraftServer/]: Stopping server
[20Feb2025 00:12:43.491] [Server thread/INFO] [net.minecraft.server.MinecraftServer/]: Saving players
[20Feb2025 00:12:43.491] [Server thread/INFO] [net.minecraft.server.MinecraftServer/]: Saving worlds
[20Feb2025 00:12:43.544] [Server thread/INFO] [net.minecraft.server.MinecraftServer/]: Saving chunks for level 'ServerLevel[world]'/minecraft:overworld
[20Feb2025 00:12:43.639] [Server thread/INFO] [net.minecraft.server.MinecraftServer/]: Saving chunks for level 'ServerLevel[world]'/the_backrooms_loxor:level_4
[20Feb2025 00:12:43.640] [Server thread/INFO] [net.minecraft.server.MinecraftServer/]: Saving chunks for level 'ServerLevel[world]'/boh:gaster_dimension
[20Feb2025 00:12:43.641] [Server thread/INFO] [net.minecraft.server.MinecraftServer/]: Saving chunks for level 'ServerLevel[world]'/the_backrooms_loxor:level_0
[20Feb2025 00:12:43.641] [Server thread/INFO] [net.minecraft.server.MinecraftServer/]: Saving chunks for level 'ServerLevel[world]'/aether:the_aether
[20Feb2025 00:12:43.642] [Server thread/INFO] [net.minecraft.server.MinecraftServer/]: Saving chunks for level 'ServerLevel[world]'/minecraft:the_nether
[20Feb2025 00:12:43.643] [Server thread/INFO] [net.minecraft.server.MinecraftServer/]: Saving chunks for level 'ServerLevel[world]'/minecraft:the_end
[20Feb2025 00:12:43.643] [Server thread/INFO] [net.minecraft.server.MinecraftServer/]: Saving chunks for level 'ServerLevel[world]'/boh:boiler_room_dimension
[20Feb2025 00:12:43.644] [Server thread/INFO] [net.minecraft.server.MinecraftServer/]: Saving chunks for level 'ServerLevel[world]'/the_backrooms_loxor:level_1
[20Feb2025 00:12:43.645] [Server thread/INFO] [net.minecraft.server.MinecraftServer/]: Saving chunks for level 'ServerLevel[world]'/the_backrooms_loxor:level_2
[20Feb2025 00:12:43.646] [Server thread/INFO] [net.minecraft.server.MinecraftServer/]: Saving chunks for level 'ServerLevel[world]'/deeperdarker:otherside
[20Feb2025 00:12:43.646] [Server thread/INFO] [net.minecraft.server.MinecraftServer/]: Saving chunks for level 'ServerLevel[world]'/the_backrooms_loxor:level_5
[20Feb2025 00:12:43.648] [Server thread/INFO] [net.minecraft.server.MinecraftServer/]: Saving chunks for level 'ServerLevel[world]'/the_backrooms_loxor:level_3
[20Feb2025 00:12:43.649] [Server thread/INFO] [net.minecraft.server.MinecraftServer/]: Saving chunks for level 'ServerLevel[world]'/boh:level_0
[20Feb2025 00:12:43.773] [Server thread/INFO] [net.minecraft.server.MinecraftServer/]: ThreadedAnvilChunkStorage (world): All chunks are saved
[20Feb2025 00:12:43.773] [Server thread/INFO] [net.minecraft.server.MinecraftServer/]: ThreadedAnvilChunkStorage (level_4): All chunks are saved
[20Feb2025 00:12:43.774] [Server thread/INFO] [net.minecraft.server.MinecraftServer/]: ThreadedAnvilChunkStorage (gaster_dimension): All chunks are saved
[20Feb2025 00:12:43.774] [Server thread/INFO] [net.minecraft.server.MinecraftServer/]: ThreadedAnvilChunkStorage (level_0): All chunks are saved
[20Feb2025 00:12:43.774] [Server thread/INFO] [net.minecraft.server.MinecraftServer/]: ThreadedAnvilChunkStorage (the_aether): All chunks are saved
[20Feb2025 00:12:43.774] [Server thread/INFO] [net.minecraft.server.MinecraftServer/]: ThreadedAnvilChunkStorage (DIM-1): All chunks are saved
[20Feb2025 00:12:43.774] [Server thread/INFO] [net.minecraft.server.MinecraftServer/]: ThreadedAnvilChunkStorage (DIM1): All chunks are saved
[20Feb2025 00:12:43.774] [Server thread/INFO] [net.minecraft.server.MinecraftServer/]: ThreadedAnvilChunkStorage (boiler_room_dimension): All chunks are saved
[20Feb2025 00:12:43.774] [Server thread/INFO] [net.minecraft.server.MinecraftServer/]: ThreadedAnvilChunkStorage (level_1): All chunks are saved
[20Feb2025 00:12:43.775] [Server thread/INFO] [net.minecraft.server.MinecraftServer/]: ThreadedAnvilChunkStorage (level_2): All chunks are saved
[20Feb2025 00:12:43.775] [Server thread/INFO] [net.minecraft.server.MinecraftServer/]: ThreadedAnvilChunkStorage (otherside): All chunks are saved
[20Feb2025 00:12:43.775] [Server thread/INFO] [net.minecraft.server.MinecraftServer/]: ThreadedAnvilChunkStorage (level_5): All chunks are saved
[20Feb2025 00:12:43.775] [Server thread/INFO] [net.minecraft.server.MinecraftServer/]: ThreadedAnvilChunkStorage (level_3): All chunks are saved
[20Feb2025 00:12:43.775] [Server thread/INFO] [net.minecraft.server.MinecraftServer/]: ThreadedAnvilChunkStorage (level_0): All chunks are saved
[20Feb2025 00:12:43.775] [Server thread/INFO] [net.minecraft.server.MinecraftServer/]: ThreadedAnvilChunkStorage: All dimensions are saved
[20Feb2025 00:12:43.807] [Server thread/INFO] [Framework/]: Unloading server configs...
[20Feb2025 00:12:43.810] [Server thread/INFO] [Framework/]: Sending config unload event for refurbished_furniture.server.toml
[20Feb2025 00:12:43.815] [Server thread/INFO] [Framework/]: Finished unloading server configs
